2026-04-19 04:35:54,216 | INFO     | __main__ | Log file: results/logs/02_contrastive_extraction_gemma_formality_20260419_043554.log
2026-04-19 04:35:57,128 | INFO     | __main__ | Contrastive extraction: models=['gemma']  behaviors=['formality']  n_components=5  device=cuda  seed=42
2026-04-19 04:35:57,129 | INFO     | __main__ | ========================================================================
2026-04-19 04:35:57,129 | INFO     | __main__ | MODEL: gemma
2026-04-19 04:35:57,129 | INFO     | __main__ | ========================================================================
2026-04-19 04:35:57,129 | INFO     | __main__ | Loading tokenizer: google/gemma-2-9b-it
2026-04-19 04:35:58,031 | INFO     | __main__ | Loading model: google/gemma-2-9b-it  →  cuda
2026-04-19 04:36:03,618 | INFO     | __main__ | Model loaded. Params: 9.2B  GPU mem: 17.21 GiB
2026-04-19 04:36:03,619 | INFO     | activation_baking.model_utils | Detected model info: arch=gemma2, layers=42, hidden=3584, instruct=True
2026-04-19 04:36:03,619 | INFO     | __main__ | ------------------------------------------------------------
2026-04-19 04:36:03,619 | INFO     | __main__ | Model=gemma  Behavior=formality
2026-04-19 04:36:03,619 | INFO     | __main__ | ------------------------------------------------------------
2026-04-19 04:36:03,620 | INFO     | __main__ | Loaded 45 contrastive pairs for behavior 'formality'.
2026-04-19 04:36:03,620 | INFO     | __main__ | Split: 36 train / 9 test  (seed=42).
2026-04-19 04:36:03,628 | INFO     | activation_baking.extractor | ActivationExtractor initialised: device=cuda, batch_size=4.
2026-04-19 04:36:03,628 | INFO     | __main__ | Extracting contrastive diffs for 36 train pairs…
2026-04-19 04:36:03,628 | INFO     | activation_baking.extractor | Extracting contrastive diffs for 36 pairs across 42 layers.
2026-04-19 04:36:06,191 | INFO     | PCADirector | PCADirector.fit complete: 42 layers.
2026-04-19 04:36:06,191 | INFO     | __main__ | Explained variance ratios (top-5 components per layer):
2026-04-19 04:36:06,191 | INFO     | __main__ |   model.layers.0                  PC0=0.0809  PC1=0.0691  PC2=0.0614  PC3=0.0537  PC4=0.0492
2026-04-19 04:36:06,191 | INFO     | __main__ |   model.layers.1                  PC0=0.0746  PC1=0.0691  PC2=0.0630  PC3=0.0515  PC4=0.0509
2026-04-19 04:36:06,191 | INFO     | __main__ |   model.layers.2                  PC0=0.0729  PC1=0.0653  PC2=0.0580  PC3=0.0551  PC4=0.0511
2026-04-19 04:36:06,191 | INFO     | __main__ |   model.layers.3                  PC0=0.0721  PC1=0.0663  PC2=0.0549  PC3=0.0538  PC4=0.0518
2026-04-19 04:36:06,191 | INFO     | __main__ |   model.layers.4                  PC0=0.0752  PC1=0.0684  PC2=0.0553  PC3=0.0524  PC4=0.0513
2026-04-19 04:36:06,191 | INFO     | __main__ |   model.layers.5                  PC0=0.0807  PC1=0.0659  PC2=0.0568  PC3=0.0520  PC4=0.0484
2026-04-19 04:36:06,191 | INFO     | __main__ |   model.layers.6                  PC0=0.0765  PC1=0.0620  PC2=0.0564  PC3=0.0536  PC4=0.0472
2026-04-19 04:36:06,191 | INFO     | __main__ |   model.layers.7                  PC0=0.0787  PC1=0.0626  PC2=0.0560  PC3=0.0529  PC4=0.0474
2026-04-19 04:36:06,192 | INFO     | __main__ |   model.layers.8                  PC0=0.0818  PC1=0.0613  PC2=0.0538  PC3=0.0516  PC4=0.0472
2026-04-19 04:36:06,192 | INFO     | __main__ |   model.layers.9                  PC0=0.0771  PC1=0.0601  PC2=0.0534  PC3=0.0514  PC4=0.0472
2026-04-19 04:36:06,192 | INFO     | __main__ |   model.layers.10                 PC0=0.0782  PC1=0.0604  PC2=0.0519  PC3=0.0514  PC4=0.0467
2026-04-19 04:36:06,192 | INFO     | __main__ |   model.layers.11                 PC0=0.0770  PC1=0.0636  PC2=0.0523  PC3=0.0500  PC4=0.0477
2026-04-19 04:36:06,192 | INFO     | __main__ |   model.layers.12                 PC0=0.0713  PC1=0.0654  PC2=0.0546  PC3=0.0496  PC4=0.0469
2026-04-19 04:36:06,192 | INFO     | __main__ |   model.layers.13                 PC0=0.0833  PC1=0.0682  PC2=0.0524  PC3=0.0481  PC4=0.0466
2026-04-19 04:36:06,192 | INFO     | __main__ |   model.layers.14                 PC0=0.0907  PC1=0.0703  PC2=0.0504  PC3=0.0470  PC4=0.0446
2026-04-19 04:36:06,192 | INFO     | __main__ |   model.layers.15                 PC0=0.0874  PC1=0.0691  PC2=0.0510  PC3=0.0478  PC4=0.0453
2026-04-19 04:36:06,192 | INFO     | __main__ |   model.layers.16                 PC0=0.1014  PC1=0.0686  PC2=0.0499  PC3=0.0459  PC4=0.0439
2026-04-19 04:36:06,192 | INFO     | __main__ |   model.layers.17                 PC0=0.1111  PC1=0.0688  PC2=0.0497  PC3=0.0461  PC4=0.0406
2026-04-19 04:36:06,192 | INFO     | __main__ |   model.layers.18                 PC0=0.1057  PC1=0.0761  PC2=0.0495  PC3=0.0453  PC4=0.0402
2026-04-19 04:36:06,192 | INFO     | __main__ |   model.layers.19                 PC0=0.1084  PC1=0.0792  PC2=0.0497  PC3=0.0448  PC4=0.0393
2026-04-19 04:36:06,192 | INFO     | __main__ |   model.layers.20                 PC0=0.1290  PC1=0.0764  PC2=0.0502  PC3=0.0434  PC4=0.0388
2026-04-19 04:36:06,192 | INFO     | __main__ |   model.layers.21                 PC0=0.1308  PC1=0.0794  PC2=0.0486  PC3=0.0433  PC4=0.0377
2026-04-19 04:36:06,192 | INFO     | __main__ |   model.layers.22                 PC0=0.1358  PC1=0.0788  PC2=0.0496  PC3=0.0466  PC4=0.0386
2026-04-19 04:36:06,193 | INFO     | __main__ |   model.layers.23                 PC0=0.1436  PC1=0.0696  PC2=0.0517  PC3=0.0459  PC4=0.0387
2026-04-19 04:36:06,193 | INFO     | __main__ |   model.layers.24                 PC0=0.1229  PC1=0.0830  PC2=0.0531  PC3=0.0466  PC4=0.0392
2026-04-19 04:36:06,193 | INFO     | __main__ |   model.layers.25                 PC0=0.1127  PC1=0.0936  PC2=0.0535  PC3=0.0459  PC4=0.0400
2026-04-19 04:36:06,193 | INFO     | __main__ |   model.layers.26                 PC0=0.0998  PC1=0.0679  PC2=0.0555  PC3=0.0497  PC4=0.0401
2026-04-19 04:36:06,193 | INFO     | __main__ |   model.layers.27                 PC0=0.0961  PC1=0.0794  PC2=0.0555  PC3=0.0476  PC4=0.0407
2026-04-19 04:36:06,193 | INFO     | __main__ |   model.layers.28                 PC0=0.0957  PC1=0.0735  PC2=0.0539  PC3=0.0483  PC4=0.0404
2026-04-19 04:36:06,193 | INFO     | __main__ |   model.layers.29                 PC0=0.0944  PC1=0.0716  PC2=0.0547  PC3=0.0488  PC4=0.0407
2026-04-19 04:36:06,193 | INFO     | __main__ |   model.layers.30                 PC0=0.0919  PC1=0.0670  PC2=0.0549  PC3=0.0494  PC4=0.0404
2026-04-19 04:36:06,193 | INFO     | __main__ |   model.layers.31                 PC0=0.0845  PC1=0.0735  PC2=0.0542  PC3=0.0490  PC4=0.0395
2026-04-19 04:36:06,193 | INFO     | __main__ |   model.layers.32                 PC0=0.0835  PC1=0.0690  PC2=0.0539  PC3=0.0495  PC4=0.0393
2026-04-19 04:36:06,193 | INFO     | __main__ |   model.layers.33                 PC0=0.0873  PC1=0.0715  PC2=0.0522  PC3=0.0476  PC4=0.0392
2026-04-19 04:36:06,193 | INFO     | __main__ |   model.layers.34                 PC0=0.0952  PC1=0.0710  PC2=0.0523  PC3=0.0470  PC4=0.0387
2026-04-19 04:36:06,193 | INFO     | __main__ |   model.layers.35                 PC0=0.0855  PC1=0.0662  PC2=0.0529  PC3=0.0460  PC4=0.0392
2026-04-19 04:36:06,193 | INFO     | __main__ |   model.layers.36                 PC0=0.0878  PC1=0.0689  PC2=0.0526  PC3=0.0445  PC4=0.0384
2026-04-19 04:36:06,193 | INFO     | __main__ |   model.layers.37                 PC0=0.0875  PC1=0.0555  PC2=0.0520  PC3=0.0448  PC4=0.0395
2026-04-19 04:36:06,194 | INFO     | __main__ |   model.layers.38                 PC0=0.0870  PC1=0.0568  PC2=0.0480  PC3=0.0446  PC4=0.0409
2026-04-19 04:36:06,194 | INFO     | __main__ |   model.layers.39                 PC0=0.0934  PC1=0.0561  PC2=0.0469  PC3=0.0450  PC4=0.0423
2026-04-19 04:36:06,194 | INFO     | __main__ |   model.layers.40                 PC0=0.1106  PC1=0.0609  PC2=0.0454  PC3=0.0451  PC4=0.0409
2026-04-19 04:36:06,194 | INFO     | __main__ |   model.layers.41                 PC0=0.1560  PC1=0.0729  PC2=0.0421  PC3=0.0405  PC4=0.0378
2026-04-19 04:36:06,203 | INFO     | __main__ | Directions saved → results/pca_directions/gemma/formality/directions.pt
2026-04-19 04:36:06,229 | INFO     | __main__ | Raw contrastive diffs saved → results/pca_directions/gemma/formality/raw_diffs.pt
2026-04-19 04:36:06,232 | INFO     | __main__ | Variance explained CSV saved → results/pca_directions/gemma/formality/variance_explained.csv
2026-04-19 04:36:06,233 | INFO     | __main__ | Split indices saved → results/pca_directions/gemma/formality/split_indices.json
2026-04-19 04:36:06,425 | INFO     | __main__ | Finished model 'gemma' in 9.3s  GPU mem=17.22 GiB
2026-04-19 04:36:06,726 | INFO     | __main__ | All contrastive extraction complete. Processed 1 model(s) × 1 behavior(s).
